<?xml version="1.0" encoding="UTF-8"?>
<testng-results ignored="0" total="1" passed="1" failed="0" skipped="0">
  <reporter-output>
  </reporter-output>
  <suite started-at="2025-07-11T11:46:44 ICT" name="Default suite" finished-at="2025-07-11T11:46:54 ICT" duration-ms="10205">
    <groups>
    </groups>
    <test started-at="2025-07-11T11:46:44 ICT" name="Default test" finished-at="2025-07-11T11:46:54 ICT" duration-ms="10205">
      <class name="test.TestCases">
        <test-method signature="TC01()[pri:0, instance:test.TestCases@4218d6a3]" started-at="2025-07-11T11:46:44 ICT" name="TC01" finished-at="2025-07-11T11:46:54 ICT" duration-ms="10150" status="PASS">
          <reporter-output>
          </reporter-output>
        </test-method> <!-- TC01 -->
      </class> <!-- test.TestCases -->
    </test> <!-- Default test -->
  </suite> <!-- Default suite -->
</testng-results>
